<?xml version="1.0" encoding="UTF-8"?>
<!-- Generated by org.testng.reporters.JUnitReportReporter -->
<testsuite hostname="C02J31GBDRV9" name="listeners.ITestCase1" tests="1" failures="0" timestamp="16 Jul 2020 13:29:47 GMT" time="6.832" errors="0">
  <testcase name="testing_01" time="6.832" classname="listeners.ITestCase1"/>
</testsuite> <!-- listeners.ITestCase1 -->
