<?xml version="1.0" encoding="UTF-8"?>
<!-- Generated by org.testng.reporters.JUnitReportReporter -->
<testsuite hostname="C02J31GBDRV9" name="listeners.TestCase1" tests="1" failures="0" timestamp="16 Jul 2020 12:34:31 GMT" time="5.172" errors="0">
  <testcase name="test" time="5.172" classname="listeners.TestCase1"/>
</testsuite> <!-- listeners.TestCase1 -->
