<?xml version="1.0" encoding="UTF-8"?>
<!-- Generated by org.testng.reporters.JUnitReportReporter -->
<testsuite hostname="C02J31GBDRV9" name="listeners.TestCase" tests="1" failures="0" timestamp="16 Jul 2020 12:26:34 GMT" time="5.231" errors="0">
  <testcase name="test" time="5.231" classname="listeners.TestCase"/>
</testsuite> <!-- listeners.TestCase -->
