<?xml version="1.0" encoding="UTF-8"?>
<!-- Generated by org.testng.reporters.JUnitReportReporter -->
<testsuite hostname="C02J31GBDRV9" name="testCases.TC_001_Reg_PageFacNJavaPOM" tests="1" failures="0" timestamp="10 Jul 2020 19:37:00 GMT" time="10.507" errors="0">
  <testcase name="enterRegData" time="10.507" classname="testCases.TC_001_Reg_PageFacNJavaPOM"/>
</testsuite> <!-- testCases.TC_001_Reg_PageFacNJavaPOM -->
