<?xml version="1.0" encoding="UTF-8"?>
<!-- Generated by org.testng.reporters.JUnitReportReporter -->
<testsuite hostname="C02J31GBDRV9" name="actionsClass.Keyboard_MouseOper_togather" tests="1" failures="0" timestamp="7 Jul 2020 15:06:45 GMT" time="10.077" errors="0">
  <testcase name="rightClick" time="10.077" classname="actionsClass.Keyboard_MouseOper_togather"/>
</testsuite> <!-- actionsClass.Keyboard_MouseOper_togather -->
