<?xml version="1.0" encoding="UTF-8"?>
<!-- Generated by org.testng.reporters.JUnitReportReporter -->
<testsuite hostname="C02J31GBDRV9" name="cssLocator.CSS_Syntax" tests="1" failures="0" timestamp="13 Jul 2020 18:57:01 GMT" time="60.087" errors="0">
  <testcase name="test" time="60.087" classname="cssLocator.CSS_Syntax"/>
</testsuite> <!-- cssLocator.CSS_Syntax -->
