<?xml version="1.0" encoding="UTF-8"?>
<!-- Generated by org.testng.reporters.JUnitReportReporter -->
<testsuite hostname="C02J31GBDRV9" name="basicsConcept.LaunchBrowser" tests="1" failures="0" timestamp="6 Jul 2020 11:45:17 GMT" time="10.928" errors="0">
  <testcase name="initiatBrowser" time="10.928" classname="basicsConcept.LaunchBrowser"/>
</testsuite> <!-- basicsConcept.LaunchBrowser -->
