<?xml version="1.0" encoding="UTF-8"?>
<!-- Generated by org.testng.reporters.JUnitReportReporter -->
<testsuite hostname="C02J31GBDRV9" name="basicsConcept.LaunchBrowser1" tests="1" failures="0" timestamp="6 Jul 2020 08:41:25 GMT" time="8.716" errors="0">
  <testcase name="test" time="8.716" classname="basicsConcept.LaunchBrowser1"/>
</testsuite> <!-- basicsConcept.LaunchBrowser1 -->
