<?xml version="1.0" encoding="UTF-8"?>
<!-- Generated by org.testng.reporters.JUnitReportReporter -->
<testsuite hostname="C02J31GBDRV9" name="basicsConcept.FatchElementData" tests="1" failures="0" timestamp="6 Jul 2020 17:24:37 GMT" time="19.344" errors="0">
  <testcase name="test" time="19.344" classname="basicsConcept.FatchElementData"/>
</testsuite> <!-- basicsConcept.FatchElementData -->
