<?xml version="1.0" encoding="UTF-8"?>
<!-- Generated by org.testng.reporters.JUnitReportReporter -->
<testsuite hostname="C02J31GBDRV9" name="listeners.SimilerElement" tests="3" failures="0" timestamp="16 Jul 2020 13:53:50 GMT" time="12.655" errors="0">
  <testcase name="sameEle1" time="4.897" classname="listeners.SimilerElement"/>
  <testcase name="sameEle" time="3.922" classname="listeners.SimilerElement"/>
  <testcase name="sameEle2" time="3.836" classname="listeners.SimilerElement"/>
</testsuite> <!-- listeners.SimilerElement -->
