<?xml version="1.0" encoding="UTF-8"?>
<!-- Generated by org.testng.reporters.JUnitReportReporter -->
<testsuite hostname="C02J31GBDRV9" name="listeners.BrokenLink" tests="1" failures="0" timestamp="16 Jul 2020 15:28:38 GMT" time="15.098" errors="0">
  <testcase name="checkBrokenLink" time="15.098" classname="listeners.BrokenLink"/>
</testsuite> <!-- listeners.BrokenLink -->
