<?xml version="1.0" encoding="UTF-8"?>
<!-- Generated by org.testng.reporters.JUnitReportReporter -->
<testsuite hostname="C02J31GBDRV9" name="actionsClass.MouseOper_RightClick" tests="1" failures="0" timestamp="7 Jul 2020 14:38:14 GMT" time="9.234" errors="0">
  <testcase name="rightClickToEle" time="9.234" classname="actionsClass.MouseOper_RightClick"/>
</testsuite> <!-- actionsClass.MouseOper_RightClick -->
