<?xml version="1.0" encoding="UTF-8"?>
<!-- Generated by org.testng.reporters.JUnitReportReporter -->
<testsuite hostname="C02J31GBDRV9" name="xpathLocator.Xpath_Syntax" tests="1" failures="0" timestamp="5 Jul 2020 16:08:48 GMT" time="8.646" errors="0">
  <testcase name="test" time="8.646" classname="xpathLocator.Xpath_Syntax"/>
</testsuite> <!-- xpathLocator.Xpath_Syntax -->
