<?xml version="1.0" encoding="UTF-8"?>
<!-- Generated by org.testng.reporters.JUnitReportReporter -->
<testsuite hostname="C02J31GBDRV9" name="testCases.TC_001_JavaPOM" tests="1" failures="0" timestamp="10 Jul 2020 19:15:36 GMT" time="20.405" errors="0">
  <testcase name="enterRegData" time="20.405" classname="testCases.TC_001_JavaPOM"/>
</testsuite> <!-- testCases.TC_001_JavaPOM -->
