<?xml version="1.0" encoding="UTF-8"?>
<!-- Generated by org.testng.reporters.JUnitReportReporter -->
<testsuite hostname="C02J31GBDRV9" name="assertion.AssertionTest" tests="1" failures="0" timestamp="13 Jul 2020 18:57:01 GMT" time="33.899" errors="0">
  <testcase name="test" time="33.899" classname="assertion.AssertionTest"/>
</testsuite> <!-- assertion.AssertionTest -->
