<?xml version="1.0" encoding="UTF-8"?>
<!-- Generated by org.testng.reporters.JUnitReportReporter -->
<testsuite hostname="C02J31GBDRV9" name="basicsConcept.BrowserActivity" tests="1" failures="0" timestamp="6 Jul 2020 11:54:06 GMT" time="14.007" errors="0">
  <testcase name="initiatBrowser" time="14.007" classname="basicsConcept.BrowserActivity"/>
</testsuite> <!-- basicsConcept.BrowserActivity -->
