<?xml version="1.0" encoding="UTF-8"?>
<!-- Generated by org.testng.reporters.JUnitReportReporter -->
<testsuite hostname="C02J31GBDRV9" name="actionsClass.Actions_KeyboardOper1" tests="1" failures="0" timestamp="7 Jul 2020 13:39:57 GMT" time="11.454" errors="0">
  <testcase name="actions" time="11.454" classname="actionsClass.Actions_KeyboardOper1"/>
</testsuite> <!-- actionsClass.Actions_KeyboardOper1 -->
