<?xml version="1.0" encoding="UTF-8"?>
<!-- Generated by org.testng.reporters.JUnitReportReporter -->
<testsuite hostname="C02J31GBDRV9" name="actionsClass.MouseOper_LeftClick" tests="1" failures="0" timestamp="7 Jul 2020 14:08:11 GMT" time="11.735" errors="0">
  <testcase name="leftClickMoveToEle" time="11.735" classname="actionsClass.MouseOper_LeftClick"/>
</testsuite> <!-- actionsClass.MouseOper_LeftClick -->
