<?xml version="1.0" encoding="UTF-8"?>
<!-- Generated by org.testng.reporters.JUnitReportReporter -->
<testsuite hostname="C02J31GBDRV9" name="actionsClass.KeyboardOper_PageDown" tests="1" failures="0" timestamp="13 Jul 2020 19:18:42 GMT" time="19.666" errors="0">
  <testcase name="actions" time="19.666" classname="actionsClass.KeyboardOper_PageDown"/>
</testsuite> <!-- actionsClass.KeyboardOper_PageDown -->
