<?xml version="1.0" encoding="UTF-8"?>
<!-- Generated by org.testng.reporters.JUnitReportReporter -->
<testsuite hostname="C02J31GBDRV9" name="testCases.TC_001" tests="1" failures="0" timestamp="10 Jul 2020 18:09:01 GMT" time="10.684" errors="0">
  <testcase name="enterRegData" time="10.684" classname="testCases.TC_001"/>
</testsuite> <!-- testCases.TC_001 -->
