<?xml version="1.0" encoding="UTF-8"?>
<!-- Generated by org.testng.reporters.JUnitReportReporter -->
<testsuite hostname="C02J31GBDRV9" name="listeners.ScrollDownUpJS" tests="2" failures="0" timestamp="17 Jul 2020 10:45:33 GMT" time="15.872" errors="0">
  <testcase name="pageDown" time="6.976" classname="listeners.ScrollDownUpJS"/>
  <testcase name="pageAlert" time="8.896" classname="listeners.ScrollDownUpJS"/>
</testsuite> <!-- listeners.ScrollDownUpJS -->
