<?xml version="1.0" encoding="UTF-8"?>
<!-- Generated by org.testng.reporters.JUnitReportReporter -->
<testsuite hostname="C02J31GBDRV9" name="listeners.ITestCase" tests="2" failures="0" timestamp="16 Jul 2020 13:25:23 GMT" time="9.198" errors="0">
  <testcase name="test_02" time="3.938" classname="listeners.ITestCase"/>
  <testcase name="test_01" time="5.260" classname="listeners.ITestCase"/>
</testsuite> <!-- listeners.ITestCase -->
