<?xml version="1.0" encoding="UTF-8"?>
<!-- Generated by org.testng.reporters.JUnitReportReporter -->
<testsuite hostname="C02J31GBDRV9" name="basicsConcept.Actions_KeyboardOper" tests="1" failures="0" timestamp="7 Jul 2020 13:11:06 GMT" time="9.645" errors="0">
  <testcase name="actions" time="9.645" classname="basicsConcept.Actions_KeyboardOper"/>
</testsuite> <!-- basicsConcept.Actions_KeyboardOper -->
