<?xml version="1.0" encoding="UTF-8"?>
<!-- Generated by org.testng.reporters.JUnitReportReporter -->
<testsuite hostname="C02J31GBDRV9" name="basicsConcept.FatchPageData" tests="1" failures="0" timestamp="13 Jul 2020 18:57:01 GMT" time="31.760" errors="0">
  <testcase name="test" time="31.760" classname="basicsConcept.FatchPageData"/>
</testsuite> <!-- basicsConcept.FatchPageData -->
