<?xml version="1.0" encoding="UTF-8"?>
<!-- Generated by org.testng.reporters.JUnitReportReporter -->
<testsuite hostname="C02J31GBDRV9" name="cssLocator.CSS_Syntax2" tests="1" failures="0" timestamp="26 Jun 2020 11:20:01 GMT" time="15.951" errors="0">
  <testcase name="test" time="15.951" classname="cssLocator.CSS_Syntax2"/>
</testsuite> <!-- cssLocator.CSS_Syntax2 -->
