<?xml version="1.0" encoding="UTF-8"?>
<!-- Generated by org.testng.reporters.JUnitReportReporter -->
<testsuite hostname="C02J31GBDRV9" name="listeners.WindowHandles" tests="2" failures="0" timestamp="17 Jul 2020 11:10:38 GMT" time="19.692" errors="0">
  <testcase name="windows" time="11.090" classname="listeners.WindowHandles"/>
  <testcase name="window" time="8.602" classname="listeners.WindowHandles"/>
</testsuite> <!-- listeners.WindowHandles -->
