<?xml version="1.0" encoding="UTF-8"?>
<!-- Generated by org.testng.reporters.JUnitReportReporter -->
<testsuite hostname="C02J31GBDRV9" name="pageActions.TC_001_Login_JavaPOM" tests="1" failures="0" timestamp="13 Jul 2020 17:59:42 GMT" time="13.975" errors="0">
  <testcase name="enterRegData" time="13.975" classname="pageActions.TC_001_Login_JavaPOM"/>
</testsuite> <!-- pageActions.TC_001_Login_JavaPOM -->
