<?xml version="1.0" encoding="UTF-8"?>
<!-- Generated by org.testng.reporters.JUnitReportReporter -->
<testsuite hostname="C02J31GBDRV9" name="basicsConcept.LaunchFireFoxBrowser" tests="1" failures="0" timestamp="6 Jul 2020 11:37:37 GMT" time="11.273" errors="0">
  <testcase name="test" time="11.273" classname="basicsConcept.LaunchFireFoxBrowser"/>
</testsuite> <!-- basicsConcept.LaunchFireFoxBrowser -->
