<?xml version="1.0" encoding="UTF-8"?>
<!-- Generated by org.testng.reporters.JUnitReportReporter -->
<testsuite hostname="C02J31GBDRV9" name="inheritanceinSel.Child" tests="1" failures="0" timestamp="7 Jul 2020 19:55:42 GMT" time="9.038" errors="0">
  <testcase name="test" time="9.038" classname="inheritanceinSel.Child"/>
</testsuite> <!-- inheritanceinSel.Child -->
