<?xml version="1.0" encoding="UTF-8"?>
<!-- Generated by org.testng.reporters.JUnitReportReporter -->
<testsuite hostname="C02J31GBDRV9" name="actionsClass.MouseOper_MoveToEle" tests="1" failures="0" timestamp="7 Jul 2020 14:46:35 GMT" time="10.195" errors="0">
  <testcase name="moveToElement1" time="10.195" classname="actionsClass.MouseOper_MoveToEle"/>
</testsuite> <!-- actionsClass.MouseOper_MoveToEle -->
